<?xml version="1.0" encoding="UTF-8"?>
<testsuite xmlns:xsi="http://www.w3.org/2001/XMLSchema-instance" xsi:noNamespaceSchemaLocation="https://maven.apache.org/surefire/maven-surefire-plugin/xsd/surefire-test-report.xsd" name="com.mcnz.rps.GameSummaryTest" time="0.031" tests="4" errors="0" skipped="0" failures="0">
  <properties>
    <property name="sun.desktop" value="windows"/>
    <property name="awt.toolkit" value="sun.awt.windows.WToolkit"/>
    <property name="file.encoding.pkg" value="sun.io"/>
    <property name="java.specification.version" value="1.8"/>
    <property name="sun.cpu.isalist" value="amd64"/>
    <property name="sun.jnu.encoding" value="Cp1252"/>
    <property name="java.class.path" value="C:\Users\Usman Tariq\Desktop\DevOps\jenkins\rock-paper-scissors-master\target\test-classes;C:\Users\Usman Tariq\Desktop\DevOps\jenkins\rock-paper-scissors-master\target\classes;C:\Users\Usman Tariq\.m2\repository\junit\junit\4.11\junit-4.11.jar;C:\Users\Usman Tariq\.m2\repository\org\hamcrest\hamcrest-core\1.3\hamcrest-core-1.3.jar;"/>
    <property name="java.vm.vendor" value="Oracle Corporation"/>
    <property name="sun.arch.data.model" value="64"/>
    <property name="user.variant" value=""/>
    <property name="java.vendor.url" value="http://java.oracle.com/"/>
    <property name="user.timezone" value=""/>
    <property name="user.country.format" value="PK"/>
    <property name="java.vm.specification.version" value="1.8"/>
    <property name="os.name" value="Windows 10"/>
    <property name="user.country" value="US"/>
    <property name="sun.java.launcher" value="SUN_STANDARD"/>
    <property name="sun.boot.library.path" value="C:\Program Files\Java\jdk1.8.0_161\jre\bin"/>
    <property name="sun.java.command" value="C:\Users\USMANT~1\AppData\Local\Temp\surefire2416086088245803527\surefirebooter6234645149167864121.jar C:\Users\Usman Tariq\AppData\Local\Temp\surefire2416086088245803527 2021-01-07T17-35-36_319-jvmRun1 surefire5832049464310367929tmp surefire_07931944208060221829tmp"/>
    <property name="surefire.test.class.path" value="C:\Users\Usman Tariq\Desktop\DevOps\jenkins\rock-paper-scissors-master\target\test-classes;C:\Users\Usman Tariq\Desktop\DevOps\jenkins\rock-paper-scissors-master\target\classes;C:\Users\Usman Tariq\.m2\repository\junit\junit\4.11\junit-4.11.jar;C:\Users\Usman Tariq\.m2\repository\org\hamcrest\hamcrest-core\1.3\hamcrest-core-1.3.jar;"/>
    <property name="sun.cpu.endian" value="little"/>
    <property name="user.home" value="C:\Users\Usman Tariq"/>
    <property name="user.language" value="en"/>
    <property name="java.specification.vendor" value="Oracle Corporation"/>
    <property name="java.home" value="C:\Program Files\Java\jdk1.8.0_161\jre"/>
    <property name="basedir" value="C:\Users\Usman Tariq\Desktop\DevOps\jenkins\rock-paper-scissors-master"/>
    <property name="file.separator" value="\"/>
    <property name="line.separator" value="&#10;"/>
    <property name="java.vm.specification.vendor" value="Oracle Corporation"/>
    <property name="java.specification.name" value="Java Platform API Specification"/>
    <property name="java.awt.graphicsenv" value="sun.awt.Win32GraphicsEnvironment"/>
    <property name="surefire.real.class.path" value="C:\Users\USMANT~1\AppData\Local\Temp\surefire2416086088245803527\surefirebooter6234645149167864121.jar"/>
    <property name="sun.boot.class.path" value="C:\Program Files\Java\jdk1.8.0_161\jre\lib\resources.jar;C:\Program Files\Java\jdk1.8.0_161\jre\lib\rt.jar;C:\Program Files\Java\jdk1.8.0_161\jre\lib\sunrsasign.jar;C:\Program Files\Java\jdk1.8.0_161\jre\lib\jsse.jar;C:\Program Files\Java\jdk1.8.0_161\jre\lib\jce.jar;C:\Program Files\Java\jdk1.8.0_161\jre\lib\charsets.jar;C:\Program Files\Java\jdk1.8.0_161\jre\lib\jfr.jar;C:\Program Files\Java\jdk1.8.0_161\jre\classes"/>
    <property name="user.script" value=""/>
    <property name="sun.management.compiler" value="HotSpot 64-Bit Tiered Compilers"/>
    <property name="java.runtime.version" value="1.8.0_161-b12"/>
    <property name="user.name" value="Usman Tariq"/>
    <property name="path.separator" value=";"/>
    <property name="os.version" value="10.0"/>
    <property name="java.endorsed.dirs" value="C:\Program Files\Java\jdk1.8.0_161\jre\lib\endorsed"/>
    <property name="java.runtime.name" value="Java(TM) SE Runtime Environment"/>
    <property name="file.encoding" value="Cp1252"/>
    <property name="java.vm.name" value="Java HotSpot(TM) 64-Bit Server VM"/>
    <property name="localRepository" value="C:\Users\Usman Tariq\.m2\repository"/>
    <property name="java.vendor.url.bug" value="http://bugreport.sun.com/bugreport/"/>
    <property name="java.io.tmpdir" value="C:\Users\USMANT~1\AppData\Local\Temp\"/>
    <property name="idea.version" value="2020.3.1"/>
    <property name="java.version" value="1.8.0_161"/>
    <property name="user.dir" value="C:\Users\Usman Tariq\Desktop\DevOps\jenkins\rock-paper-scissors-master"/>
    <property name="os.arch" value="amd64"/>
    <property name="java.vm.specification.name" value="Java Virtual Machine Specification"/>
    <property name="java.awt.printerjob" value="sun.awt.windows.WPrinterJob"/>
    <property name="sun.os.patch.level" value=""/>
    <property name="java.library.path" value="C:\Program Files\Java\jdk1.8.0_161\jre\bin;C:\WINDOWS\Sun\Java\bin;C:\WINDOWS\system32;C:\WINDOWS;C:\ProgramData\Oracle\Java\javapath;C:\Program Files (x86)\Common Files\Oracle\Java\javapath;C:\Perl64\site\bin;C:\Perl64\bin;C:\Program Files (x86)\Intel\iCLS Client\;C:\Program Files\Intel\iCLS Client\;C:\WINDOWS\system32;C:\WINDOWS;C:\WINDOWS\System32\Wbem;C:\WINDOWS\System32\WindowsPowerShell\v1.0\;C:\Program Files (x86)\Intel\Intel(R) Management Engine Components\DAL;C:\Program Files\Intel\Intel(R) Management Engine Components\DAL;C:\Program Files (x86)\Intel\Intel(R) Management Engine Components\IPT;C:\Program Files\Intel\Intel(R) Management Engine Components\IPT;C:\WINDOWS\System32\OpenSSH\;C:\Program Files\Cloud Foundry;C:\Program Files (x86)\HP\IdrsOCR_15.2.10.1114\;C:\cygwin64\bin;C:\Program Files\MATLAB\R2018a\runtime\win64;C:\Program Files\MATLAB\R2018a\bin;C:\Program Files\MiKTeX 2.9\miktex\bin\x64\;C:\Program Files\Intel\WiFi\bin\;C:\Program Files\Common Files\Intel\WirelessCommon\;C:\Program Files (x86)\Data Version Control;C:\Program Files\Git\cmd;C:\Program Files\Git\mingw64\bin;C:\Program Files\Git\usr\bin;C:\Program Files\Amazon\AWSCLI\bin\;C:\Users\Usman Tariq\AppData\Local\Programs\Python\Python36\Scripts\;C:\Users\Usman Tariq\AppData\Local\Programs\Python\Python36\;C:\Users\Usman Tariq\AppData\Local\Programs\Python\Python37\Scripts\;C:\Users\Usman Tariq\AppData\Local\Programs\Python\Python37\;C:\Users\Usman Tariq\AppData\Local\Programs\Python\Python38\Scripts\;C:\Users\Usman Tariq\AppData\Local\Programs\Python\Python38\;C:\Users\Usman Tariq\Anaconda3;C:\Users\Usman Tariq\Anaconda3\Library\mingw-w64\bin;C:\Users\Usman Tariq\Anaconda3\Library\usr\bin;C:\Users\Usman Tariq\Anaconda3\Library\bin;C:\Users\Usman Tariq\Anaconda3\Scripts;C:\Users\Usman Tariq\AppData\Local\Microsoft\WindowsApps;C:\Users\Usman Tariq\AppData\Local\GitHubDesktop\bin;C:\Program Files\Java\jdk1.8.0_161\bin;;C:\Program Files\JetBrains\IntelliJ IDEA Community Edition 2020.3.1\bin;;."/>
    <property name="java.vm.info" value="mixed mode"/>
    <property name="java.vendor" value="Oracle Corporation"/>
    <property name="java.vm.version" value="25.161-b12"/>
    <property name="java.ext.dirs" value="C:\Program Files\Java\jdk1.8.0_161\jre\lib\ext;C:\WINDOWS\Sun\Java\lib\ext"/>
    <property name="sun.io.unicode.encoding" value="UnicodeLittle"/>
    <property name="java.class.version" value="52.0"/>
  </properties>
  <testcase name="testGetClientGesture" classname="com.mcnz.rps.GameSummaryTest" time="0"/>
  <testcase name="testGetServerGesture" classname="com.mcnz.rps.GameSummaryTest" time="0"/>
  <testcase name="testGetDate" classname="com.mcnz.rps.GameSummaryTest" time="0"/>
  <testcase name="testGetResult" classname="com.mcnz.rps.GameSummaryTest" time="0"/>
</testsuite>